D:\data-keeping-system\data-keeping-system-for-petrol-pump\dist\out-tsc\e2e\src\app.po.js
D:\data-keeping-system\data-keeping-system-for-petrol-pump\dist\out-tsc\e2e\src\app.po.js.map
D:\data-keeping-system\data-keeping-system-for-petrol-pump\dist\out-tsc\e2e\src\app.e2e-spec.js
D:\data-keeping-system\data-keeping-system-for-petrol-pump\dist\out-tsc\e2e\src\app.e2e-spec.js.map
D:\data-keeping-system\data-keeping-system-for-petrol-pump\dist\out-tsc\src\app\about-us\about-us.component.js
D:\data-keeping-system\data-keeping-system-for-petrol-pump\dist\out-tsc\src\app\about-us\about-us.component.js.map
D:\data-keeping-system\data-keeping-system-for-petrol-pump\dist\out-tsc\src\app\contact-us\contact-us.component.js
D:\data-keeping-system\data-keeping-system-for-petrol-pump\dist\out-tsc\src\app\contact-us\contact-us.component.js.map
D:\data-keeping-system\data-keeping-system-for-petrol-pump\dist\out-tsc\src\app\customer\customer.component.js
D:\data-keeping-system\data-keeping-system-for-petrol-pump\dist\out-tsc\src\app\customer\customer.component.js.map
D:\data-keeping-system\data-keeping-system-for-petrol-pump\dist\out-tsc\src\app\homepage\homepage.component.js
D:\data-keeping-system\data-keeping-system-for-petrol-pump\dist\out-tsc\src\app\homepage\homepage.component.js.map
D:\data-keeping-system\data-keeping-system-for-petrol-pump\dist\out-tsc\src\app\login\login.model.js
D:\data-keeping-system\data-keeping-system-for-petrol-pump\dist\out-tsc\src\app\login\login.model.js.map
D:\data-keeping-system\data-keeping-system-for-petrol-pump\dist\out-tsc\src\app\login\login.component.js
D:\data-keeping-system\data-keeping-system-for-petrol-pump\dist\out-tsc\src\app\login\login.component.js.map
D:\data-keeping-system\data-keeping-system-for-petrol-pump\dist\out-tsc\src\app\sales\sales.component.js
D:\data-keeping-system\data-keeping-system-for-petrol-pump\dist\out-tsc\src\app\sales\sales.component.js.map
D:\data-keeping-system\data-keeping-system-for-petrol-pump\dist\out-tsc\src\app\app-routing.module.js
D:\data-keeping-system\data-keeping-system-for-petrol-pump\dist\out-tsc\src\app\app-routing.module.js.map
D:\data-keeping-system\data-keeping-system-for-petrol-pump\dist\out-tsc\src\app\app.component.js
D:\data-keeping-system\data-keeping-system-for-petrol-pump\dist\out-tsc\src\app\app.component.js.map
D:\data-keeping-system\data-keeping-system-for-petrol-pump\dist\out-tsc\src\app\app.module.js
D:\data-keeping-system\data-keeping-system-for-petrol-pump\dist\out-tsc\src\app\app.module.js.map
D:\data-keeping-system\data-keeping-system-for-petrol-pump\dist\out-tsc\src\environments\environment.js
D:\data-keeping-system\data-keeping-system-for-petrol-pump\dist\out-tsc\src\environments\environment.js.map
D:\data-keeping-system\data-keeping-system-for-petrol-pump\dist\out-tsc\src\main.js
D:\data-keeping-system\data-keeping-system-for-petrol-pump\dist\out-tsc\src\main.js.map
D:\data-keeping-system\data-keeping-system-for-petrol-pump\dist\out-tsc\src\polyfills.js
D:\data-keeping-system\data-keeping-system-for-petrol-pump\dist\out-tsc\src\polyfills.js.map
D:\data-keeping-system\data-keeping-system-for-petrol-pump\dist\out-tsc\src\test.js
D:\data-keeping-system\data-keeping-system-for-petrol-pump\dist\out-tsc\src\test.js.map
D:\data-keeping-system\data-keeping-system-for-petrol-pump\dist\out-tsc\src\app\app.component.spec.js
D:\data-keeping-system\data-keeping-system-for-petrol-pump\dist\out-tsc\src\app\app.component.spec.js.map
D:\data-keeping-system\data-keeping-system-for-petrol-pump\dist\out-tsc\src\app\about-us\about-us.component.spec.js
D:\data-keeping-system\data-keeping-system-for-petrol-pump\dist\out-tsc\src\app\about-us\about-us.component.spec.js.map
D:\data-keeping-system\data-keeping-system-for-petrol-pump\dist\out-tsc\src\app\contact-us\contact-us.component.spec.js
D:\data-keeping-system\data-keeping-system-for-petrol-pump\dist\out-tsc\src\app\contact-us\contact-us.component.spec.js.map
D:\data-keeping-system\data-keeping-system-for-petrol-pump\dist\out-tsc\src\app\customer\customer.component.spec.js
D:\data-keeping-system\data-keeping-system-for-petrol-pump\dist\out-tsc\src\app\customer\customer.component.spec.js.map
D:\data-keeping-system\data-keeping-system-for-petrol-pump\dist\out-tsc\src\app\homepage\homepage.component.spec.js
D:\data-keeping-system\data-keeping-system-for-petrol-pump\dist\out-tsc\src\app\homepage\homepage.component.spec.js.map
D:\data-keeping-system\data-keeping-system-for-petrol-pump\dist\out-tsc\src\app\login\login.component.spec.js
D:\data-keeping-system\data-keeping-system-for-petrol-pump\dist\out-tsc\src\app\login\login.component.spec.js.map
D:\data-keeping-system\data-keeping-system-for-petrol-pump\dist\out-tsc\src\app\sales\sales.component.spec.js
D:\data-keeping-system\data-keeping-system-for-petrol-pump\dist\out-tsc\src\app\sales\sales.component.spec.js.map
D:\data-keeping-system\data-keeping-system-for-petrol-pump\dist\out-tsc\src\environments\environment.prod.js
D:\data-keeping-system\data-keeping-system-for-petrol-pump\dist\out-tsc\src\environments\environment.prod.js.map
